(NUMBERS :ERRNO) => 
(1 2 3 4 5 6 7 8 9 10 11 12 13 14 15 16 17 18 19 20 21 22 23 24 25 26 27 28 29
 30 31 32 33 34 35 36 37 38 39 40 41 42 43 44 45 46 47 48 49 50 51 52 53 54 55
 56 57 58 59 60 61 62 63 64 65 66 67 68 69 70 71 72 73 74 75 76 77 78 79 80 81
 84 89 90 91 92 93 94 95 96 97 98 99 100 101 102 104 105 106)
(CODESET-SYMBOLS :ERRNO) => 
(:EPERM :ENOENT :ESRCH :EINTR :EIO :ENXIO :E2BIG :ENOEXEC :EBADF :ECHILD
 :EDEADLK :ENOMEM :EACCES :EFAULT :ENOTBLK :EBUSY :EEXIST :EXDEV :ENODEV
 :ENOTDIR :EISDIR :EINVAL :ENFILE :EMFILE :ENOTTY :ETXTBSY :EFBIG :ENOSPC
 :ESPIPE :EROFS :EMLINK :EPIPE :EDOM :ERANGE :EAGAIN :EINPROGRESS :EALREADY
 :ENOTSOCK :EDESTADDRREQ :EMSGSIZE :EPROTOTYPE :ENOPROTOOPT :EPROTONOSUPPORT
 :ESOCKTNOSUPPORT :ENOTSUP :EPFNOSUPPORT :EAFNOSUPPORT :EADDRINUSE
 :EADDRNOTAVAIL :ENETDOWN :ENETUNREACH :ENETRESET :ECONNABORTED :ECONNRESET
 :ENOBUFS :EISCONN :ENOTCONN :ESHUTDOWN :ETOOMANYREFS :ETIMEDOUT :ECONNREFUSED
 :ELOOP :ENAMETOOLONG :EHOSTDOWN :EHOSTUNREACH :ENOTEMPTY :EPROCLIM :EUSERS
 :EDQUOT :ESTALE :EREMOTE :EBADRPC :ERPCMISMATCH :EPROGUNAVAIL :EPROGMISMATCH
 :EPROCUNAVAIL :ENOLCK :ENOSYS :EFTYPE :EAUTH :ENEEDAUTH :EOVERFLOW :ECANCELED
 :EIDRM :ENOMSG :EILSEQ :ENOATTR :EBADMSG :EMULTIHOP :ENODATA :ENOLINK :ENOSR
 :ENOSTR :EPROTO :ETIME :EOPNOTSUPP :ENOTRECOVERABLE :EOWNERDEAD :ELAST)
(CODESET-SYMBOL :ERRNO 2) => :ENOENT
(CODESET-SYMBOL :ERRNO :ENOENT) => :ENOENT
(CODESET-NUMBER :ERRNO 2) => 2
(CODESET-NUMBER :ERRNO :ENOENT) => 2
(CODESET-MESSAGE :ERRNO 2) => "No such file or directory"
(CODESET-MESSAGE :ERRNO :ENOENT) => "No such file or directory"

(NUMBERS :SIGNAL) => NIL
(CODESET-SYMBOLS :SIGNAL) => NIL
(CODESET-SYMBOL :SIGNAL :SIGINT) => :SIGINT
(CODESET-SYMBOL :SIGNAL 2) => NIL
(CODESET-NUMBER :SIGNAL :SIGINT) => NIL
(CODESET-NUMBER :SIGNAL 2) => 2
(CODESET-MESSAGE :SIGNAL 2) => NIL
(CODESET-MESSAGE :SIGNAL 2) => NIL
